{
"C:\\Users\\cstead\\Documents\\projects\\moxandria\\index.js":{"path":"C:\\Users\\cstead\\Documents\\projects\\moxandria\\index.js","s":{"1":1,"2":1,"3":1,"4":1},"b":{},"f":{},"fnMap":{},"statementMap":{"1":{"start":{"line":3,"column":0},"end":{"line":3,"column":29}},"2":{"start":{"line":4,"column":0},"end":{"line":4,"column":57}},"3":{"start":{"line":5,"column":0},"end":{"line":5,"column":48}},"4":{"start":{"line":7,"column":0},"end":{"line":7,"column":50}}},"branchMap":{},"l":{"3":1,"4":1,"5":1,"7":1}},
"C:\\Users\\cstead\\Documents\\projects\\moxandria\\bin\\moxandriaFactory.js":{"path":"C:\\Users\\cstead\\Documents\\projects\\moxandria\\bin\\moxandriaFactory.js","s":{"1":1,"2":1,"3":4,"4":4,"5":4,"6":1,"7":1,"8":1,"9":2,"10":1,"11":2,"12":4,"13":4,"14":2,"15":1,"16":2,"17":4,"18":1,"19":1},"b":{"1":[4,0],"2":[1,0],"3":[1,1]},"f":{"1":1,"2":4,"3":1,"4":2,"5":2,"6":4,"7":2},"fnMap":{"1":{"name":"(anonymous_1)","line":1,"loc":{"start":{"line":1,"column":23},"end":{"line":1,"column":49}}},"2":{"name":"moxandriaFactory","line":4,"loc":{"start":{"line":4,"column":11},"end":{"line":4,"column":49}}},"3":{"name":"getConfig","line":12,"loc":{"start":{"line":12,"column":8},"end":{"line":12,"column":29}}},"4":{"name":"registerMock","line":16,"loc":{"start":{"line":16,"column":8},"end":{"line":16,"column":53}}},"5":{"name":"attachSpies","line":20,"loc":{"start":{"line":20,"column":8},"end":{"line":20,"column":38}}},"6":{"name":"(anonymous_6)","line":21,"loc":{"start":{"line":21,"column":41},"end":{"line":21,"column":56}}},"7":{"name":"buildMock","line":30,"loc":{"start":{"line":30,"column":8},"end":{"line":30,"column":37}}}},"statementMap":{"1":{"start":{"line":1,"column":0},"end":{"line":41,"column":2}},"2":{"start":{"line":4,"column":4},"end":{"line":39,"column":5}},"3":{"start":{"line":5,"column":8},"end":{"line":5,"column":61}},"4":{"start":{"line":6,"column":8},"end":{"line":6,"column":33}},"5":{"start":{"line":8,"column":8},"end":{"line":10,"column":9}},"6":{"start":{"line":12,"column":8},"end":{"line":14,"column":9}},"7":{"start":{"line":13,"column":12},"end":{"line":13,"column":56}},"8":{"start":{"line":16,"column":8},"end":{"line":18,"column":9}},"9":{"start":{"line":17,"column":12},"end":{"line":17,"column":52}},"10":{"start":{"line":20,"column":8},"end":{"line":28,"column":9}},"11":{"start":{"line":21,"column":12},"end":{"line":25,"column":15}},"12":{"start":{"line":22,"column":16},"end":{"line":24,"column":17}},"13":{"start":{"line":23,"column":20},"end":{"line":23,"column":44}},"14":{"start":{"line":27,"column":12},"end":{"line":27,"column":27}},"15":{"start":{"line":30,"column":8},"end":{"line":32,"column":9}},"16":{"start":{"line":31,"column":12},"end":{"line":31,"column":60}},"17":{"start":{"line":34,"column":8},"end":{"line":38,"column":10}},"18":{"start":{"line":43,"column":0},"end":{"line":45,"column":1}},"19":{"start":{"line":44,"column":4},"end":{"line":44,"column":38}}},"branchMap":{"1":{"line":22,"type":"if","locations":[{"start":{"line":22,"column":16},"end":{"line":22,"column":16}},{"start":{"line":22,"column":16},"end":{"line":22,"column":16}}]},"2":{"line":43,"type":"if","locations":[{"start":{"line":43,"column":0},"end":{"line":43,"column":0}},{"start":{"line":43,"column":0},"end":{"line":43,"column":0}}]},"3":{"line":43,"type":"binary-expr","locations":[{"start":{"line":43,"column":4},"end":{"line":43,"column":33}},{"start":{"line":43,"column":37},"end":{"line":43,"column":74}}]}},"l":{"1":1,"4":1,"5":4,"6":4,"8":4,"12":1,"13":1,"16":1,"17":2,"20":1,"21":2,"22":4,"23":4,"27":2,"30":1,"31":2,"34":4,"43":1,"44":1}},
"C:\\Users\\cstead\\Documents\\projects\\moxandria\\bin\\moxandriaHelpers.js":{"path":"C:\\Users\\cstead\\Documents\\projects\\moxandria\\bin\\moxandriaHelpers.js","s":{"1":1,"2":1,"3":4,"4":1,"5":1,"6":1,"7":1,"8":1},"b":{"1":[1,3],"2":[4,1],"3":[1,0],"4":[1,1]},"f":{"1":1,"2":4,"3":1},"fnMap":{"1":{"name":"(anonymous_1)","line":1,"loc":{"start":{"line":1,"column":24},"end":{"line":1,"column":36}}},"2":{"name":"sanitizeObject","line":4,"loc":{"start":{"line":4,"column":4},"end":{"line":4,"column":40}}},"3":{"name":"copyObjectProperties","line":8,"loc":{"start":{"line":8,"column":4},"end":{"line":8,"column":47}}}},"statementMap":{"1":{"start":{"line":1,"column":0},"end":{"line":16,"column":5}},"2":{"start":{"line":4,"column":4},"end":{"line":6,"column":5}},"3":{"start":{"line":5,"column":8},"end":{"line":5,"column":87}},"4":{"start":{"line":8,"column":4},"end":{"line":10,"column":5}},"5":{"start":{"line":9,"column":8},"end":{"line":9,"column":55}},"6":{"start":{"line":12,"column":4},"end":{"line":15,"column":6}},"7":{"start":{"line":18,"column":0},"end":{"line":20,"column":1}},"8":{"start":{"line":19,"column":4},"end":{"line":19,"column":38}}},"branchMap":{"1":{"line":5,"type":"cond-expr","locations":[{"start":{"line":5,"column":71},"end":{"line":5,"column":81}},{"start":{"line":5,"column":84},"end":{"line":5,"column":86}}]},"2":{"line":5,"type":"binary-expr","locations":[{"start":{"line":5,"column":15},"end":{"line":5,"column":45}},{"start":{"line":5,"column":49},"end":{"line":5,"column":68}}]},"3":{"line":18,"type":"if","locations":[{"start":{"line":18,"column":0},"end":{"line":18,"column":0}},{"start":{"line":18,"column":0},"end":{"line":18,"column":0}}]},"4":{"line":18,"type":"binary-expr","locations":[{"start":{"line":18,"column":4},"end":{"line":18,"column":33}},{"start":{"line":18,"column":37},"end":{"line":18,"column":74}}]}},"l":{"1":1,"4":1,"5":4,"8":1,"9":1,"12":1,"18":1,"19":1}}}
