TN:
SF:C:\Users\cstead\Documents\projects\moxandria\index.js
FNF:0
FNH:0
DA:3,1
DA:4,1
DA:5,1
DA:7,1
LF:4
LH:4
BRF:0
BRH:0
end_of_record
TN:
SF:C:\Users\cstead\Documents\projects\moxandria\bin\moxandriaFactory.js
FN:1,(anonymous_1)
FN:4,moxandriaFactory
FN:12,getConfig
FN:16,registerMock
FN:20,attachSpies
FN:21,(anonymous_6)
FN:30,buildMock
FNF:7
FNH:7
FNDA:1,(anonymous_1)
FNDA:4,moxandriaFactory
FNDA:1,getConfig
FNDA:2,registerMock
FNDA:2,attachSpies
FNDA:4,(anonymous_6)
FNDA:2,buildMock
DA:1,1
DA:4,1
DA:5,4
DA:6,4
DA:8,4
DA:12,1
DA:13,1
DA:16,1
DA:17,2
DA:20,1
DA:21,2
DA:22,4
DA:23,4
DA:27,2
DA:30,1
DA:31,2
DA:34,4
DA:43,1
DA:44,1
LF:19
LH:19
BRDA:22,1,0,4
BRDA:22,1,1,0
BRDA:43,2,0,1
BRDA:43,2,1,0
BRDA:43,3,0,1
BRDA:43,3,1,1
BRF:6
BRH:4
end_of_record
TN:
SF:C:\Users\cstead\Documents\projects\moxandria\bin\moxandriaHelpers.js
FN:1,(anonymous_1)
FN:4,sanitizeObject
FN:8,copyObjectProperties
FNF:3
FNH:3
FNDA:1,(anonymous_1)
FNDA:4,sanitizeObject
FNDA:1,copyObjectProperties
DA:1,1
DA:4,1
DA:5,4
DA:8,1
DA:9,1
DA:12,1
DA:18,1
DA:19,1
LF:8
LH:8
BRDA:5,1,0,1
BRDA:5,1,1,3
BRDA:5,2,0,4
BRDA:5,2,1,1
BRDA:18,3,0,1
BRDA:18,3,1,0
BRDA:18,4,0,1
BRDA:18,4,1,1
BRF:8
BRH:7
end_of_record
